TN:
SF:/Users/nathanhood/Documents/Code/caddis/wee-framework/node_modules/wee-core/temp/core.min.js
FN:1,(anonymous_1)
FN:1,(anonymous_2)
FN:1,(anonymous_3)
FN:1,(anonymous_4)
FN:1,(anonymous_5)
FN:1,(anonymous_6)
FN:1,(anonymous_7)
FN:1,(anonymous_8)
FN:1,(anonymous_9)
FN:1,(anonymous_10)
FN:1,(anonymous_11)
FN:1,(anonymous_12)
FN:1,(anonymous_13)
FN:1,(anonymous_14)
FN:1,(anonymous_15)
FN:1,(anonymous_16)
FN:1,(anonymous_17)
FN:1,(anonymous_18)
FN:1,(anonymous_19)
FN:1,(anonymous_20)
FN:1,(anonymous_21)
FN:1,(anonymous_22)
FN:1,(anonymous_23)
FN:1,(anonymous_24)
FN:1,(anonymous_25)
FN:1,(anonymous_26)
FN:1,(anonymous_27)
FN:1,(anonymous_28)
FN:1,(anonymous_29)
FN:1,(anonymous_30)
FN:1,(anonymous_31)
FN:1,(anonymous_32)
FN:1,(anonymous_33)
FN:1,(anonymous_34)
FN:1,(anonymous_35)
FN:1,(anonymous_36)
FN:1,(anonymous_37)
FN:1,(anonymous_38)
FN:1,(anonymous_39)
FN:1,(anonymous_40)
FN:1,(anonymous_41)
FN:1,(anonymous_42)
FN:1,(anonymous_43)
FN:1,(anonymous_44)
FN:1,(anonymous_45)
FN:1,(anonymous_46)
FN:1,(anonymous_47)
FN:1,(anonymous_48)
FN:1,(anonymous_49)
FN:1,(anonymous_50)
FN:1,(anonymous_51)
FN:1,(anonymous_52)
FN:1,(anonymous_53)
FN:1,(anonymous_54)
FN:1,(anonymous_55)
FN:1,(anonymous_56)
FN:1,(anonymous_57)
FN:1,(anonymous_58)
FN:1,(anonymous_59)
FN:1,(anonymous_60)
FN:1,(anonymous_61)
FN:1,(anonymous_62)
FN:1,(anonymous_63)
FN:1,(anonymous_64)
FN:1,(anonymous_65)
FN:1,(anonymous_66)
FN:1,(anonymous_67)
FN:1,(anonymous_68)
FN:1,(anonymous_69)
FN:1,(anonymous_70)
FN:1,(anonymous_71)
FN:1,(anonymous_72)
FN:1,(anonymous_73)
FN:1,(anonymous_74)
FN:1,(anonymous_75)
FN:1,(anonymous_76)
FN:1,(anonymous_77)
FN:1,(anonymous_78)
FN:1,(anonymous_79)
FN:1,(anonymous_80)
FN:1,(anonymous_81)
FN:1,(anonymous_82)
FN:1,(anonymous_83)
FN:1,(anonymous_84)
FN:1,(anonymous_85)
FN:1,(anonymous_86)
FN:1,(anonymous_87)
FN:1,(anonymous_88)
FN:1,(anonymous_89)
FN:1,(anonymous_90)
FN:1,(anonymous_91)
FN:1,(anonymous_92)
FN:1,(anonymous_93)
FN:1,(anonymous_94)
FN:1,(anonymous_95)
FN:1,(anonymous_96)
FN:1,(anonymous_97)
FN:1,(anonymous_98)
FN:1,(anonymous_99)
FN:1,(anonymous_100)
FN:1,(anonymous_101)
FN:1,(anonymous_102)
FN:1,(anonymous_103)
FN:1,(anonymous_104)
FN:1,(anonymous_105)
FN:1,(anonymous_106)
FN:1,(anonymous_107)
FN:1,(anonymous_108)
FN:1,(anonymous_109)
FN:1,(anonymous_110)
FN:1,(anonymous_111)
FN:1,(anonymous_112)
FN:1,(anonymous_113)
FN:1,(anonymous_114)
FN:1,(anonymous_115)
FN:1,(anonymous_116)
FN:1,(anonymous_117)
FN:1,(anonymous_118)
FN:1,(anonymous_119)
FN:1,(anonymous_120)
FN:1,(anonymous_121)
FN:1,(anonymous_122)
FN:1,(anonymous_123)
FN:1,(anonymous_124)
FN:1,(anonymous_125)
FN:1,(anonymous_126)
FN:1,(anonymous_127)
FN:1,(anonymous_128)
FN:1,(anonymous_129)
FN:1,(anonymous_130)
FN:1,(anonymous_131)
FN:1,(anonymous_132)
FN:1,(anonymous_133)
FN:1,(anonymous_134)
FN:1,(anonymous_135)
FN:1,(anonymous_136)
FN:1,(anonymous_137)
FN:1,(anonymous_138)
FN:1,(anonymous_139)
FN:1,(anonymous_140)
FN:1,(anonymous_141)
FN:1,(anonymous_142)
FN:1,(anonymous_143)
FN:1,(anonymous_144)
FN:1,(anonymous_145)
FN:1,(anonymous_146)
FN:1,(anonymous_147)
FN:1,(anonymous_148)
FN:1,(anonymous_149)
FN:1,(anonymous_150)
FN:1,(anonymous_151)
FN:1,(anonymous_152)
FN:1,(anonymous_153)
FN:1,(anonymous_154)
FN:1,(anonymous_155)
FN:1,(anonymous_156)
FN:1,(anonymous_157)
FN:1,(anonymous_158)
FN:1,(anonymous_159)
FN:1,(anonymous_160)
FN:1,(anonymous_161)
FN:1,(anonymous_162)
FN:1,(anonymous_163)
FN:1,(anonymous_164)
FN:1,(anonymous_165)
FN:1,(anonymous_166)
FN:1,(anonymous_167)
FN:1,(anonymous_168)
FN:1,(anonymous_169)
FN:1,(anonymous_170)
FN:1,(anonymous_171)
FN:1,(anonymous_172)
FN:1,(anonymous_173)
FN:1,(anonymous_174)
FN:1,(anonymous_175)
FN:1,(anonymous_176)
FN:1,(anonymous_177)
FN:1,(anonymous_178)
FN:1,(anonymous_179)
FN:1,(anonymous_180)
FN:1,(anonymous_181)
FN:1,(anonymous_182)
FN:1,(anonymous_183)
FN:1,(anonymous_184)
FN:1,(anonymous_185)
FN:1,(anonymous_186)
FN:1,(anonymous_187)
FN:1,(anonymous_188)
FN:1,(anonymous_189)
FN:1,(anonymous_190)
FN:1,(anonymous_191)
FN:1,(anonymous_192)
FN:1,(anonymous_193)
FN:1,(anonymous_194)
FN:1,(anonymous_195)
FN:1,(anonymous_196)
FN:1,(anonymous_197)
FN:1,(anonymous_198)
FN:1,(anonymous_199)
FN:1,(anonymous_200)
FN:1,(anonymous_201)
FN:1,(anonymous_202)
FN:1,(anonymous_203)
FN:1,(anonymous_204)
FN:1,(anonymous_205)
FN:1,(anonymous_206)
FN:1,(anonymous_207)
FN:1,(anonymous_208)
FN:1,(anonymous_209)
FN:1,(anonymous_210)
FN:1,(anonymous_211)
FN:1,(anonymous_212)
FN:1,(anonymous_213)
FN:1,(anonymous_214)
FN:1,(anonymous_215)
FN:1,(anonymous_216)
FN:1,(anonymous_217)
FN:1,(anonymous_218)
FN:1,(anonymous_219)
FN:1,(anonymous_220)
FN:1,(anonymous_221)
FN:1,(anonymous_222)
FN:1,(anonymous_223)
FN:1,(anonymous_224)
FN:1,(anonymous_225)
FN:1,(anonymous_226)
FN:1,(anonymous_227)
FN:1,(anonymous_228)
FN:1,(anonymous_229)
FN:1,(anonymous_230)
FN:1,(anonymous_231)
FN:1,(anonymous_232)
FN:1,(anonymous_233)
FN:1,(anonymous_234)
FN:1,(anonymous_235)
FN:1,(anonymous_236)
FN:1,(anonymous_237)
FN:1,(anonymous_238)
FN:1,(anonymous_239)
FN:1,(anonymous_240)
FN:1,(anonymous_241)
FN:1,(anonymous_242)
FN:1,(anonymous_243)
FN:1,(anonymous_244)
FN:1,(anonymous_245)
FN:1,(anonymous_246)
FN:1,(anonymous_247)
FN:1,(anonymous_248)
FN:1,(anonymous_249)
FN:1,(anonymous_250)
FN:1,(anonymous_251)
FN:1,(anonymous_252)
FN:1,(anonymous_253)
FN:1,(anonymous_254)
FN:1,(anonymous_255)
FN:1,(anonymous_256)
FN:1,(anonymous_257)
FN:1,(anonymous_258)
FN:1,(anonymous_259)
FN:1,(anonymous_260)
FN:1,(anonymous_261)
FN:1,(anonymous_262)
FN:1,(anonymous_263)
FN:1,(anonymous_264)
FN:1,(anonymous_265)
FN:1,(anonymous_266)
FN:1,(anonymous_267)
FN:1,(anonymous_268)
FN:1,(anonymous_269)
FN:1,(anonymous_270)
FN:1,(anonymous_271)
FN:1,(anonymous_272)
FN:1,(anonymous_273)
FN:1,(anonymous_274)
FN:1,(anonymous_275)
FN:1,(anonymous_276)
FN:1,(anonymous_277)
FN:1,(anonymous_278)
FN:1,(anonymous_279)
FN:1,(anonymous_280)
FN:1,(anonymous_281)
FN:1,(anonymous_282)
FN:1,(anonymous_283)
FN:1,(anonymous_284)
FN:1,(anonymous_285)
FN:1,(anonymous_286)
FN:1,(anonymous_287)
FN:1,(anonymous_288)
FN:1,(anonymous_289)
FN:1,(anonymous_290)
FN:1,(anonymous_291)
FN:1,(anonymous_292)
FN:1,(anonymous_293)
FN:1,(anonymous_294)
FN:1,(anonymous_295)
FN:1,(anonymous_296)
FN:1,(anonymous_297)
FN:1,(anonymous_298)
FN:1,(anonymous_299)
FN:1,(anonymous_300)
FN:2,(anonymous_301)
FN:2,(anonymous_302)
FN:2,(anonymous_303)
FN:2,(anonymous_304)
FN:2,(anonymous_305)
FN:2,(anonymous_306)
FN:2,(anonymous_307)
FN:2,(anonymous_308)
FN:2,(anonymous_309)
FN:2,(anonymous_310)
FN:2,(anonymous_311)
FN:2,(anonymous_312)
FN:2,(anonymous_313)
FN:2,(anonymous_314)
FN:2,(anonymous_315)
FN:2,(anonymous_316)
FN:2,(anonymous_317)
FN:2,(anonymous_318)
FN:2,(anonymous_319)
FN:2,(anonymous_320)
FN:2,(anonymous_321)
FN:2,(anonymous_322)
FN:2,(anonymous_323)
FN:2,(anonymous_324)
FN:2,(anonymous_325)
FN:2,(anonymous_326)
FN:2,(anonymous_327)
FN:2,(anonymous_328)
FN:2,(anonymous_329)
FN:2,(anonymous_330)
FN:2,(anonymous_331)
FN:2,(anonymous_332)
FN:2,(anonymous_333)
FN:2,(anonymous_334)
FN:2,(anonymous_335)
FN:2,(anonymous_336)
FN:2,(anonymous_337)
FN:2,(anonymous_338)
FN:2,(anonymous_339)
FN:2,(anonymous_340)
FN:2,(anonymous_341)
FN:2,(anonymous_342)
FN:2,(anonymous_343)
FN:2,(anonymous_344)
FN:2,(anonymous_345)
FN:2,(anonymous_346)
FN:2,(anonymous_347)
FN:2,(anonymous_348)
FN:2,(anonymous_349)
FN:2,(anonymous_350)
FN:2,(anonymous_351)
FN:2,(anonymous_352)
FN:2,(anonymous_353)
FN:2,(anonymous_354)
FN:2,(anonymous_355)
FN:2,(anonymous_356)
FN:2,(anonymous_357)
FN:2,(anonymous_358)
FN:2,(anonymous_359)
FN:2,(anonymous_360)
FN:2,(anonymous_361)
FN:2,(anonymous_362)
FN:2,(anonymous_363)
FN:2,(anonymous_364)
FN:2,(anonymous_365)
FN:2,(anonymous_366)
FN:2,(anonymous_367)
FN:2,(anonymous_368)
FN:2,(anonymous_369)
FN:2,(anonymous_370)
FN:2,(anonymous_371)
FN:2,(anonymous_372)
FN:2,(anonymous_373)
FN:2,(anonymous_374)
FN:2,(anonymous_375)
FN:2,(anonymous_376)
FN:2,(anonymous_377)
FN:2,(anonymous_378)
FN:2,(anonymous_379)
FN:2,(anonymous_380)
FN:2,(anonymous_381)
FN:2,(anonymous_382)
FN:2,(anonymous_383)
FN:2,(anonymous_384)
FN:2,(anonymous_385)
FN:2,(anonymous_386)
FN:2,(anonymous_387)
FN:2,(anonymous_388)
FN:2,(anonymous_389)
FN:2,(anonymous_390)
FN:2,(anonymous_391)
FN:2,(anonymous_392)
FN:2,(anonymous_393)
FN:2,(anonymous_394)
FN:2,(anonymous_395)
FN:2,(anonymous_396)
FN:2,(anonymous_397)
FN:2,(anonymous_398)
FN:2,(anonymous_399)
FN:2,(anonymous_400)
FN:2,(anonymous_401)
FN:2,(anonymous_402)
FN:2,(anonymous_403)
FN:2,(anonymous_404)
FN:2,(anonymous_405)
FN:2,(anonymous_406)
FN:2,(anonymous_407)
FN:2,(anonymous_408)
FN:2,(anonymous_409)
FN:2,(anonymous_410)
FN:2,(anonymous_411)
FN:2,(anonymous_412)
FN:2,(anonymous_413)
FN:2,(anonymous_414)
FN:2,(anonymous_415)
FN:2,(anonymous_416)
FN:2,(anonymous_417)
FN:2,(anonymous_418)
FN:2,(anonymous_419)
FN:2,(anonymous_420)
FN:2,(anonymous_421)
FN:2,(anonymous_422)
FN:2,(anonymous_423)
FN:2,(anonymous_424)
FN:2,(anonymous_425)
FN:2,(anonymous_426)
FN:2,(anonymous_427)
FN:2,(anonymous_428)
FN:2,(anonymous_429)
FN:2,(anonymous_430)
FN:2,(anonymous_431)
FN:2,(anonymous_432)
FN:2,(anonymous_433)
FN:2,(anonymous_434)
FN:2,(anonymous_435)
FNF:435
FNH:298
FNDA:2,(anonymous_1)
FNDA:2,(anonymous_2)
FNDA:2,(anonymous_3)
FNDA:144,(anonymous_4)
FNDA:2,(anonymous_5)
FNDA:42,(anonymous_6)
FNDA:90,(anonymous_7)
FNDA:0,(anonymous_8)
FNDA:10,(anonymous_9)
FNDA:0,(anonymous_10)
FNDA:2,(anonymous_11)
FNDA:0,(anonymous_12)
FNDA:0,(anonymous_13)
FNDA:54,(anonymous_14)
FNDA:0,(anonymous_15)
FNDA:0,(anonymous_16)
FNDA:88,(anonymous_17)
FNDA:12,(anonymous_18)
FNDA:3886,(anonymous_19)
FNDA:0,(anonymous_20)
FNDA:0,(anonymous_21)
FNDA:0,(anonymous_22)
FNDA:0,(anonymous_23)
FNDA:0,(anonymous_24)
FNDA:0,(anonymous_25)
FNDA:0,(anonymous_26)
FNDA:0,(anonymous_27)
FNDA:66,(anonymous_28)
FNDA:16,(anonymous_29)
FNDA:8,(anonymous_30)
FNDA:2530,(anonymous_31)
FNDA:2,(anonymous_32)
FNDA:0,(anonymous_33)
FNDA:84,(anonymous_34)
FNDA:18,(anonymous_35)
FNDA:34,(anonymous_36)
FNDA:0,(anonymous_37)
FNDA:0,(anonymous_38)
FNDA:0,(anonymous_39)
FNDA:0,(anonymous_40)
FNDA:0,(anonymous_41)
FNDA:0,(anonymous_42)
FNDA:0,(anonymous_43)
FNDA:0,(anonymous_44)
FNDA:1672,(anonymous_45)
FNDA:8,(anonymous_46)
FNDA:2,(anonymous_47)
FNDA:1740,(anonymous_48)
FNDA:0,(anonymous_49)
FNDA:160,(anonymous_50)
FNDA:154,(anonymous_51)
FNDA:0,(anonymous_52)
FNDA:0,(anonymous_53)
FNDA:10,(anonymous_54)
FNDA:8,(anonymous_55)
FNDA:480,(anonymous_56)
FNDA:8,(anonymous_57)
FNDA:222,(anonymous_58)
FNDA:4,(anonymous_59)
FNDA:18,(anonymous_60)
FNDA:0,(anonymous_61)
FNDA:2,(anonymous_62)
FNDA:12,(anonymous_63)
FNDA:392,(anonymous_64)
FNDA:794,(anonymous_65)
FNDA:12,(anonymous_66)
FNDA:12,(anonymous_67)
FNDA:12,(anonymous_68)
FNDA:4,(anonymous_69)
FNDA:10,(anonymous_70)
FNDA:5354,(anonymous_71)
FNDA:6172,(anonymous_72)
FNDA:148,(anonymous_73)
FNDA:352,(anonymous_74)
FNDA:0,(anonymous_75)
FNDA:652,(anonymous_76)
FNDA:82,(anonymous_77)
FNDA:12,(anonymous_78)
FNDA:1876,(anonymous_79)
FNDA:16,(anonymous_80)
FNDA:16,(anonymous_81)
FNDA:56,(anonymous_82)
FNDA:18,(anonymous_83)
FNDA:0,(anonymous_84)
FNDA:4,(anonymous_85)
FNDA:0,(anonymous_86)
FNDA:0,(anonymous_87)
FNDA:2,(anonymous_88)
FNDA:0,(anonymous_89)
FNDA:0,(anonymous_90)
FNDA:0,(anonymous_91)
FNDA:2,(anonymous_92)
FNDA:0,(anonymous_93)
FNDA:0,(anonymous_94)
FNDA:2,(anonymous_95)
FNDA:106,(anonymous_96)
FNDA:0,(anonymous_97)
FNDA:4,(anonymous_98)
FNDA:110,(anonymous_99)
FNDA:110,(anonymous_100)
FNDA:4,(anonymous_101)
FNDA:0,(anonymous_102)
FNDA:4,(anonymous_103)
FNDA:2,(anonymous_104)
FNDA:2,(anonymous_105)
FNDA:12,(anonymous_106)
FNDA:12,(anonymous_107)
FNDA:0,(anonymous_108)
FNDA:0,(anonymous_109)
FNDA:0,(anonymous_110)
FNDA:0,(anonymous_111)
FNDA:0,(anonymous_112)
FNDA:0,(anonymous_113)
FNDA:0,(anonymous_114)
FNDA:12,(anonymous_115)
FNDA:0,(anonymous_116)
FNDA:6,(anonymous_117)
FNDA:10,(anonymous_118)
FNDA:10,(anonymous_119)
FNDA:18,(anonymous_120)
FNDA:0,(anonymous_121)
FNDA:8,(anonymous_122)
FNDA:2,(anonymous_123)
FNDA:8,(anonymous_124)
FNDA:2,(anonymous_125)
FNDA:0,(anonymous_126)
FNDA:0,(anonymous_127)
FNDA:0,(anonymous_128)
FNDA:2,(anonymous_129)
FNDA:8,(anonymous_130)
FNDA:2,(anonymous_131)
FNDA:2,(anonymous_132)
FNDA:0,(anonymous_133)
FNDA:0,(anonymous_134)
FNDA:244,(anonymous_135)
FNDA:108,(anonymous_136)
FNDA:24,(anonymous_137)
FNDA:24,(anonymous_138)
FNDA:156,(anonymous_139)
FNDA:22,(anonymous_140)
FNDA:0,(anonymous_141)
FNDA:54,(anonymous_142)
FNDA:0,(anonymous_143)
FNDA:78,(anonymous_144)
FNDA:78,(anonymous_145)
FNDA:96,(anonymous_146)
FNDA:18,(anonymous_147)
FNDA:16,(anonymous_148)
FNDA:16,(anonymous_149)
FNDA:44,(anonymous_150)
FNDA:44,(anonymous_151)
FNDA:44,(anonymous_152)
FNDA:94,(anonymous_153)
FNDA:20,(anonymous_154)
FNDA:26,(anonymous_155)
FNDA:8,(anonymous_156)
FNDA:8,(anonymous_157)
FNDA:8,(anonymous_158)
FNDA:48,(anonymous_159)
FNDA:48,(anonymous_160)
FNDA:4,(anonymous_161)
FNDA:4,(anonymous_162)
FNDA:4,(anonymous_163)
FNDA:4,(anonymous_164)
FNDA:22,(anonymous_165)
FNDA:22,(anonymous_166)
FNDA:6,(anonymous_167)
FNDA:6,(anonymous_168)
FNDA:76,(anonymous_169)
FNDA:58,(anonymous_170)
FNDA:36,(anonymous_171)
FNDA:56,(anonymous_172)
FNDA:34,(anonymous_173)
FNDA:10,(anonymous_174)
FNDA:10,(anonymous_175)
FNDA:10,(anonymous_176)
FNDA:10,(anonymous_177)
FNDA:20,(anonymous_178)
FNDA:64,(anonymous_179)
FNDA:10,(anonymous_180)
FNDA:10,(anonymous_181)
FNDA:0,(anonymous_182)
FNDA:134,(anonymous_183)
FNDA:134,(anonymous_184)
FNDA:34,(anonymous_185)
FNDA:18,(anonymous_186)
FNDA:8,(anonymous_187)
FNDA:212,(anonymous_188)
FNDA:160,(anonymous_189)
FNDA:28,(anonymous_190)
FNDA:4,(anonymous_191)
FNDA:4,(anonymous_192)
FNDA:4,(anonymous_193)
FNDA:4,(anonymous_194)
FNDA:4,(anonymous_195)
FNDA:4,(anonymous_196)
FNDA:88,(anonymous_197)
FNDA:94,(anonymous_198)
FNDA:4,(anonymous_199)
FNDA:12,(anonymous_200)
FNDA:12,(anonymous_201)
FNDA:6,(anonymous_202)
FNDA:20,(anonymous_203)
FNDA:10,(anonymous_204)
FNDA:2,(anonymous_205)
FNDA:36,(anonymous_206)
FNDA:36,(anonymous_207)
FNDA:8,(anonymous_208)
FNDA:8,(anonymous_209)
FNDA:8,(anonymous_210)
FNDA:4,(anonymous_211)
FNDA:4,(anonymous_212)
FNDA:4,(anonymous_213)
FNDA:12,(anonymous_214)
FNDA:12,(anonymous_215)
FNDA:14,(anonymous_216)
FNDA:4,(anonymous_217)
FNDA:4,(anonymous_218)
FNDA:300,(anonymous_219)
FNDA:298,(anonymous_220)
FNDA:2,(anonymous_221)
FNDA:2,(anonymous_222)
FNDA:2,(anonymous_223)
FNDA:30,(anonymous_224)
FNDA:30,(anonymous_225)
FNDA:62,(anonymous_226)
FNDA:8,(anonymous_227)
FNDA:6,(anonymous_228)
FNDA:2,(anonymous_229)
FNDA:8,(anonymous_230)
FNDA:4,(anonymous_231)
FNDA:2,(anonymous_232)
FNDA:4,(anonymous_233)
FNDA:10,(anonymous_234)
FNDA:10,(anonymous_235)
FNDA:26,(anonymous_236)
FNDA:2,(anonymous_237)
FNDA:44,(anonymous_238)
FNDA:38,(anonymous_239)
FNDA:6,(anonymous_240)
FNDA:4,(anonymous_241)
FNDA:4,(anonymous_242)
FNDA:10,(anonymous_243)
FNDA:10,(anonymous_244)
FNDA:12,(anonymous_245)
FNDA:20,(anonymous_246)
FNDA:8,(anonymous_247)
FNDA:0,(anonymous_248)
FNDA:30,(anonymous_249)
FNDA:18,(anonymous_250)
FNDA:4,(anonymous_251)
FNDA:4,(anonymous_252)
FNDA:4,(anonymous_253)
FNDA:6,(anonymous_254)
FNDA:6,(anonymous_255)
FNDA:0,(anonymous_256)
FNDA:2,(anonymous_257)
FNDA:60,(anonymous_258)
FNDA:58,(anonymous_259)
FNDA:84,(anonymous_260)
FNDA:40,(anonymous_261)
FNDA:0,(anonymous_262)
FNDA:16,(anonymous_263)
FNDA:14,(anonymous_264)
FNDA:58,(anonymous_265)
FNDA:14,(anonymous_266)
FNDA:158,(anonymous_267)
FNDA:158,(anonymous_268)
FNDA:2020,(anonymous_269)
FNDA:56,(anonymous_270)
FNDA:0,(anonymous_271)
FNDA:40,(anonymous_272)
FNDA:8,(anonymous_273)
FNDA:2,(anonymous_274)
FNDA:0,(anonymous_275)
FNDA:0,(anonymous_276)
FNDA:0,(anonymous_277)
FNDA:0,(anonymous_278)
FNDA:0,(anonymous_279)
FNDA:0,(anonymous_280)
FNDA:0,(anonymous_281)
FNDA:0,(anonymous_282)
FNDA:0,(anonymous_283)
FNDA:0,(anonymous_284)
FNDA:0,(anonymous_285)
FNDA:0,(anonymous_286)
FNDA:0,(anonymous_287)
FNDA:0,(anonymous_288)
FNDA:0,(anonymous_289)
FNDA:0,(anonymous_290)
FNDA:2,(anonymous_291)
FNDA:0,(anonymous_292)
FNDA:6,(anonymous_293)
FNDA:38,(anonymous_294)
FNDA:14,(anonymous_295)
FNDA:6,(anonymous_296)
FNDA:0,(anonymous_297)
FNDA:4,(anonymous_298)
FNDA:2,(anonymous_299)
FNDA:6,(anonymous_300)
FNDA:6,(anonymous_301)
FNDA:0,(anonymous_302)
FNDA:6,(anonymous_303)
FNDA:8,(anonymous_304)
FNDA:4,(anonymous_305)
FNDA:0,(anonymous_306)
FNDA:0,(anonymous_307)
FNDA:0,(anonymous_308)
FNDA:2,(anonymous_309)
FNDA:8,(anonymous_310)
FNDA:8,(anonymous_311)
FNDA:0,(anonymous_312)
FNDA:0,(anonymous_313)
FNDA:0,(anonymous_314)
FNDA:2,(anonymous_315)
FNDA:0,(anonymous_316)
FNDA:0,(anonymous_317)
FNDA:6,(anonymous_318)
FNDA:4,(anonymous_319)
FNDA:48,(anonymous_320)
FNDA:22,(anonymous_321)
FNDA:6,(anonymous_322)
FNDA:32,(anonymous_323)
FNDA:2,(anonymous_324)
FNDA:18,(anonymous_325)
FNDA:20,(anonymous_326)
FNDA:38,(anonymous_327)
FNDA:10,(anonymous_328)
FNDA:16,(anonymous_329)
FNDA:6,(anonymous_330)
FNDA:10,(anonymous_331)
FNDA:22,(anonymous_332)
FNDA:22,(anonymous_333)
FNDA:22,(anonymous_334)
FNDA:0,(anonymous_335)
FNDA:20,(anonymous_336)
FNDA:0,(anonymous_337)
FNDA:0,(anonymous_338)
FNDA:0,(anonymous_339)
FNDA:0,(anonymous_340)
FNDA:0,(anonymous_341)
FNDA:0,(anonymous_342)
FNDA:0,(anonymous_343)
FNDA:22,(anonymous_344)
FNDA:4,(anonymous_345)
FNDA:6,(anonymous_346)
FNDA:2,(anonymous_347)
FNDA:0,(anonymous_348)
FNDA:0,(anonymous_349)
FNDA:0,(anonymous_350)
FNDA:0,(anonymous_351)
FNDA:0,(anonymous_352)
FNDA:0,(anonymous_353)
FNDA:0,(anonymous_354)
FNDA:0,(anonymous_355)
FNDA:0,(anonymous_356)
FNDA:0,(anonymous_357)
FNDA:2,(anonymous_358)
FNDA:188,(anonymous_359)
FNDA:188,(anonymous_360)
FNDA:8,(anonymous_361)
FNDA:0,(anonymous_362)
FNDA:0,(anonymous_363)
FNDA:0,(anonymous_364)
FNDA:0,(anonymous_365)
FNDA:0,(anonymous_366)
FNDA:0,(anonymous_367)
FNDA:2,(anonymous_368)
FNDA:0,(anonymous_369)
FNDA:2,(anonymous_370)
FNDA:0,(anonymous_371)
FNDA:20,(anonymous_372)
FNDA:4,(anonymous_373)
FNDA:4,(anonymous_374)
FNDA:2,(anonymous_375)
FNDA:20,(anonymous_376)
FNDA:4,(anonymous_377)
FNDA:6,(anonymous_378)
FNDA:2,(anonymous_379)
FNDA:0,(anonymous_380)
FNDA:12,(anonymous_381)
FNDA:2,(anonymous_382)
FNDA:14,(anonymous_383)
FNDA:16,(anonymous_384)
FNDA:2,(anonymous_385)
FNDA:2,(anonymous_386)
FNDA:2,(anonymous_387)
FNDA:6,(anonymous_388)
FNDA:0,(anonymous_389)
FNDA:0,(anonymous_390)
FNDA:40,(anonymous_391)
FNDA:14,(anonymous_392)
FNDA:2,(anonymous_393)
FNDA:54,(anonymous_394)
FNDA:2,(anonymous_395)
FNDA:2,(anonymous_396)
FNDA:2,(anonymous_397)
FNDA:0,(anonymous_398)
FNDA:2,(anonymous_399)
FNDA:6,(anonymous_400)
FNDA:0,(anonymous_401)
FNDA:0,(anonymous_402)
FNDA:0,(anonymous_403)
FNDA:0,(anonymous_404)
FNDA:2,(anonymous_405)
FNDA:0,(anonymous_406)
FNDA:0,(anonymous_407)
FNDA:6,(anonymous_408)
FNDA:0,(anonymous_409)
FNDA:0,(anonymous_410)
FNDA:0,(anonymous_411)
FNDA:8,(anonymous_412)
FNDA:2,(anonymous_413)
FNDA:0,(anonymous_414)
FNDA:0,(anonymous_415)
FNDA:0,(anonymous_416)
FNDA:0,(anonymous_417)
FNDA:0,(anonymous_418)
FNDA:0,(anonymous_419)
FNDA:4,(anonymous_420)
FNDA:0,(anonymous_421)
FNDA:0,(anonymous_422)
FNDA:10,(anonymous_423)
FNDA:14,(anonymous_424)
FNDA:0,(anonymous_425)
FNDA:2,(anonymous_426)
FNDA:2,(anonymous_427)
FNDA:8,(anonymous_428)
FNDA:6,(anonymous_429)
FNDA:0,(anonymous_430)
FNDA:18,(anonymous_431)
FNDA:2,(anonymous_432)
FNDA:0,(anonymous_433)
FNDA:0,(anonymous_434)
FNDA:2,(anonymous_435)
DA:1,6172
DA:2,228
LF:2
LH:2
BRDA:1,1,0,2
BRDA:1,1,1,0
BRDA:1,2,0,2
BRDA:1,2,1,0
BRDA:1,3,0,140
BRDA:1,3,1,4
BRDA:1,4,0,144
BRDA:1,4,1,144
BRDA:1,5,0,0
BRDA:1,5,1,2
BRDA:1,6,0,0
BRDA:1,6,1,2
BRDA:1,7,0,0
BRDA:1,7,1,144
BRDA:1,8,0,144
BRDA:1,8,1,0
BRDA:1,9,0,0
BRDA:1,9,1,0
BRDA:1,10,0,144
BRDA:1,10,1,68
BRDA:1,11,0,0
BRDA:1,11,1,42
BRDA:1,12,0,48
BRDA:1,12,1,42
BRDA:1,13,0,22
BRDA:1,13,1,20
BRDA:1,14,0,2
BRDA:1,14,1,20
BRDA:1,15,0,0
BRDA:1,15,1,0
BRDA:1,16,0,0
BRDA:1,16,1,0
BRDA:1,17,0,0
BRDA:1,17,1,0
BRDA:1,18,0,10
BRDA:1,18,1,0
BRDA:1,19,0,10
BRDA:1,19,1,6
BRDA:1,20,0,0
BRDA:1,20,1,10
BRDA:1,21,0,0
BRDA:1,21,1,0
BRDA:1,22,0,0
BRDA:1,22,1,10
BRDA:1,23,0,0
BRDA:1,23,1,10
BRDA:1,24,0,0
BRDA:1,24,1,0
BRDA:1,25,0,0
BRDA:1,25,1,2
BRDA:1,26,0,0
BRDA:1,26,1,0
BRDA:1,27,0,0
BRDA:1,27,1,0
BRDA:1,28,0,0
BRDA:1,28,1,0
BRDA:1,29,0,0
BRDA:1,29,1,0
BRDA:1,30,0,0
BRDA:1,30,1,2
BRDA:1,31,0,0
BRDA:1,31,1,2
BRDA:1,32,0,0
BRDA:1,32,1,0
BRDA:1,33,0,0
BRDA:1,33,1,0
BRDA:1,34,0,0
BRDA:1,34,1,0
BRDA:1,35,0,0
BRDA:1,35,1,54
BRDA:1,36,0,54
BRDA:1,36,1,0
BRDA:1,36,2,0
BRDA:1,37,0,0
BRDA:1,37,1,0
BRDA:1,38,0,0
BRDA:1,38,1,0
BRDA:1,39,0,0
BRDA:1,39,1,0
BRDA:1,40,0,0
BRDA:1,40,1,0
BRDA:1,41,0,0
BRDA:1,41,1,0
BRDA:1,42,0,0
BRDA:1,42,1,0
BRDA:1,42,2,0
BRDA:1,42,3,0
BRDA:1,42,4,0
BRDA:1,43,0,0
BRDA:1,43,1,0
BRDA:1,44,0,0
BRDA:1,44,1,0
BRDA:1,45,0,0
BRDA:1,45,1,0
BRDA:1,46,0,34
BRDA:1,46,1,54
BRDA:1,47,0,54
BRDA:1,47,1,6
BRDA:1,48,0,12
BRDA:1,48,1,0
BRDA:1,49,0,1224
BRDA:1,49,1,2662
BRDA:1,50,0,2662
BRDA:1,50,1,2652
BRDA:1,51,0,14
BRDA:1,51,1,5422
BRDA:1,52,0,5436
BRDA:1,52,1,538
BRDA:1,53,0,4
BRDA:1,53,1,4
BRDA:1,54,0,4
BRDA:1,54,1,10
BRDA:1,55,0,10
BRDA:1,55,1,4
BRDA:1,56,0,5422
BRDA:1,56,1,5086
BRDA:1,57,0,1744
BRDA:1,57,1,3342
BRDA:1,58,0,0
BRDA:1,58,1,0
BRDA:1,59,0,0
BRDA:1,59,1,0
BRDA:1,60,0,0
BRDA:1,60,1,0
BRDA:1,61,0,0
BRDA:1,61,1,0
BRDA:1,62,0,0
BRDA:1,62,1,0
BRDA:1,63,0,0
BRDA:1,63,1,0
BRDA:1,64,0,0
BRDA:1,64,1,0
BRDA:1,65,0,0
BRDA:1,65,1,0
BRDA:1,66,0,0
BRDA:1,66,1,0
BRDA:1,67,0,0
BRDA:1,67,1,0
BRDA:1,68,0,0
BRDA:1,68,1,0
BRDA:1,69,0,0
BRDA:1,69,1,0
BRDA:1,70,0,0
BRDA:1,70,1,0
BRDA:1,71,0,0
BRDA:1,71,1,0
BRDA:1,72,0,0
BRDA:1,72,1,0
BRDA:1,73,0,0
BRDA:1,73,1,0
BRDA:1,74,0,0
BRDA:1,74,1,0
BRDA:1,75,0,6
BRDA:1,75,1,60
BRDA:1,76,0,2
BRDA:1,76,1,2
BRDA:1,77,0,16
BRDA:1,77,1,10
BRDA:1,78,0,16
BRDA:1,78,1,12
BRDA:1,79,0,2
BRDA:1,79,1,14
BRDA:1,80,0,16
BRDA:1,80,1,14
BRDA:1,81,0,6
BRDA:1,81,1,2
BRDA:1,82,0,2
BRDA:1,82,1,0
BRDA:1,83,0,2
BRDA:1,83,1,0
BRDA:1,84,0,1180
BRDA:1,84,1,1350
BRDA:1,85,0,0
BRDA:1,85,1,1350
BRDA:1,86,0,0
BRDA:1,86,1,1350
BRDA:1,87,0,0
BRDA:1,87,1,1350
BRDA:1,88,0,422
BRDA:1,88,1,928
BRDA:1,89,0,2
BRDA:1,89,1,1348
BRDA:1,90,0,2
BRDA:1,90,1,2
BRDA:1,91,0,2
BRDA:1,91,1,2
BRDA:1,92,0,2
BRDA:1,92,1,0
BRDA:1,93,0,2
BRDA:1,93,1,0
BRDA:1,94,0,0
BRDA:1,94,1,1348
BRDA:1,95,0,922
BRDA:1,95,1,426
BRDA:1,96,0,818
BRDA:1,96,1,104
BRDA:1,97,0,88
BRDA:1,97,1,16
BRDA:1,98,0,2520
BRDA:1,98,1,8
BRDA:1,99,0,1848
BRDA:1,99,1,672
BRDA:1,100,0,2520
BRDA:1,100,1,672
BRDA:1,101,0,0
BRDA:1,101,1,2528
BRDA:1,102,0,84
BRDA:1,102,1,0
BRDA:1,103,0,84
BRDA:1,103,1,2
BRDA:1,104,0,84
BRDA:1,104,1,84
BRDA:1,105,0,1672
BRDA:1,105,1,0
BRDA:1,106,0,1310
BRDA:1,106,1,1304
BRDA:1,107,0,26
BRDA:1,107,1,1284
BRDA:1,108,0,8
BRDA:1,108,1,6
BRDA:1,109,0,2
BRDA:1,109,1,6
BRDA:1,110,0,0
BRDA:1,110,1,4
BRDA:1,111,0,4
BRDA:1,111,1,4
BRDA:1,112,0,2
BRDA:1,112,1,2
BRDA:1,113,0,8
BRDA:1,113,1,4
BRDA:1,114,0,1740
BRDA:1,114,1,14
BRDA:1,115,0,1740
BRDA:1,115,1,0
BRDA:1,116,0,4
BRDA:1,116,1,1736
BRDA:1,117,0,4
BRDA:1,117,1,4
BRDA:1,118,0,4
BRDA:1,118,1,0
BRDA:1,119,0,4
BRDA:1,119,1,4
BRDA:1,120,0,1740
BRDA:1,120,1,0
BRDA:1,121,0,1740
BRDA:1,121,1,0
BRDA:1,122,0,2
BRDA:1,122,1,158
BRDA:1,123,0,160
BRDA:1,123,1,0
BRDA:1,124,0,160
BRDA:1,124,1,2
BRDA:1,125,0,222
BRDA:1,125,1,202
BRDA:1,126,0,290
BRDA:1,126,1,290
BRDA:1,127,0,290
BRDA:1,127,1,204
BRDA:1,128,0,4
BRDA:1,128,1,0
BRDA:1,129,0,18
BRDA:1,129,1,0
BRDA:1,130,0,0
BRDA:1,130,1,0
BRDA:1,131,0,4
BRDA:1,131,1,0
BRDA:1,132,0,12
BRDA:1,132,1,0
BRDA:1,133,0,0
BRDA:1,133,1,12
BRDA:1,134,0,388
BRDA:1,134,1,4
BRDA:1,135,0,12
BRDA:1,135,1,0
BRDA:1,135,2,0
BRDA:1,136,0,12
BRDA:1,136,1,6
BRDA:1,137,0,6
BRDA:1,137,1,4
BRDA:1,138,0,5324
BRDA:1,138,1,30
BRDA:1,139,0,3080
BRDA:1,139,1,2244
BRDA:1,140,0,382
BRDA:1,140,1,5790
BRDA:1,141,0,8
BRDA:1,141,1,644
BRDA:1,142,0,652
BRDA:1,142,1,552
BRDA:1,143,0,8
BRDA:1,143,1,0
BRDA:1,143,2,0
BRDA:1,144,0,72
BRDA:1,144,1,10
BRDA:1,145,0,72
BRDA:1,145,1,66
BRDA:1,145,2,54
BRDA:1,146,0,0
BRDA:1,146,1,54
BRDA:1,147,0,24
BRDA:1,147,1,30
BRDA:1,148,0,0
BRDA:1,148,1,30
BRDA:1,149,0,12
BRDA:1,149,1,10
BRDA:1,150,0,218
BRDA:1,150,1,1658
BRDA:1,151,0,1876
BRDA:1,151,1,1876
BRDA:1,152,0,1658
BRDA:1,152,1,180
BRDA:1,153,0,1078
BRDA:1,153,1,580
BRDA:1,154,0,16
BRDA:1,154,1,0
BRDA:1,155,0,16
BRDA:1,155,1,14
BRDA:1,156,0,16
BRDA:1,156,1,0
BRDA:1,157,0,14
BRDA:1,157,1,2
BRDA:1,158,0,16
BRDA:1,158,1,0
BRDA:1,159,0,16
BRDA:1,159,1,16
BRDA:1,160,0,2
BRDA:1,160,1,0
BRDA:1,161,0,2
BRDA:1,161,1,0
BRDA:1,162,0,2
BRDA:1,162,1,2
BRDA:1,163,0,16
BRDA:1,163,1,2
BRDA:1,164,0,16
BRDA:1,164,1,0
BRDA:1,165,0,16
BRDA:1,165,1,6
BRDA:1,166,0,0
BRDA:1,166,1,0
BRDA:1,167,0,2
BRDA:1,167,1,2
BRDA:1,168,0,2
BRDA:1,168,1,0
BRDA:1,168,2,0
BRDA:1,169,0,51
BRDA:1,169,1,55
BRDA:1,170,0,4
BRDA:1,170,1,4
BRDA:1,171,0,4
BRDA:1,171,1,0
BRDA:1,172,0,4
BRDA:1,172,1,4
BRDA:1,173,0,4
BRDA:1,173,1,0
BRDA:1,174,0,4
BRDA:1,174,1,4
BRDA:1,175,0,4
BRDA:1,175,1,0
BRDA:1,176,0,0
BRDA:1,176,1,0
BRDA:1,177,0,0
BRDA:1,177,1,0
BRDA:1,178,0,110
BRDA:1,178,1,0
BRDA:1,179,0,110
BRDA:1,179,1,0
BRDA:1,180,0,4
BRDA:1,180,1,0
BRDA:1,181,0,106
BRDA:1,181,1,4
BRDA:1,182,0,110
BRDA:1,182,1,110
BRDA:1,183,0,4
BRDA:1,183,1,4
BRDA:1,183,2,4
BRDA:1,184,0,4
BRDA:1,184,1,4
BRDA:1,185,0,4
BRDA:1,185,1,2
BRDA:1,186,0,2
BRDA:1,186,1,0
BRDA:1,187,0,6
BRDA:1,187,1,2
BRDA:1,188,0,10
BRDA:1,188,1,0
BRDA:1,189,0,12
BRDA:1,189,1,0
BRDA:1,190,0,12
BRDA:1,190,1,0
BRDA:1,191,0,0
BRDA:1,191,1,0
BRDA:1,192,0,12
BRDA:1,192,1,12
BRDA:1,193,0,0
BRDA:1,193,1,12
BRDA:1,194,0,12
BRDA:1,194,1,12
BRDA:1,195,0,12
BRDA:1,195,1,0
BRDA:1,196,0,12
BRDA:1,196,1,0
BRDA:1,197,0,12
BRDA:1,197,1,0
BRDA:1,198,0,0
BRDA:1,198,1,0
BRDA:1,199,0,10
BRDA:1,199,1,10
BRDA:1,200,0,12
BRDA:1,200,1,12
BRDA:1,201,0,18
BRDA:1,201,1,18
BRDA:1,202,0,4
BRDA:1,202,1,14
BRDA:1,203,0,12
BRDA:1,203,1,2
BRDA:1,204,0,0
BRDA:1,204,1,12
BRDA:1,205,0,12
BRDA:1,205,1,0
BRDA:1,206,0,12
BRDA:1,206,1,12
BRDA:1,206,2,12
BRDA:1,207,0,2
BRDA:1,207,1,0
BRDA:1,208,0,8
BRDA:1,208,1,0
BRDA:1,209,0,2
BRDA:1,209,1,6
BRDA:1,210,0,2
BRDA:1,210,1,0
BRDA:1,211,0,2
BRDA:1,211,1,2
BRDA:1,212,0,2
BRDA:1,212,1,2
BRDA:1,213,0,0
BRDA:1,213,1,0
BRDA:1,214,0,2
BRDA:1,214,1,0
BRDA:1,215,0,0
BRDA:1,215,1,2
BRDA:1,216,0,2
BRDA:1,216,1,0
BRDA:1,217,0,2
BRDA:1,217,1,0
BRDA:1,218,0,0
BRDA:1,218,1,0
BRDA:1,219,0,0
BRDA:1,219,1,0
BRDA:1,220,0,0
BRDA:1,220,1,0
BRDA:1,221,0,0
BRDA:1,221,1,0
BRDA:1,222,0,0
BRDA:1,222,1,2
BRDA:1,223,0,2
BRDA:1,223,1,0
BRDA:1,224,0,2
BRDA:1,224,1,0
BRDA:1,225,0,2
BRDA:1,225,1,0
BRDA:1,226,0,2
BRDA:1,226,1,0
BRDA:1,227,0,0
BRDA:1,227,1,0
BRDA:1,227,2,0
BRDA:1,228,0,0
BRDA:1,228,1,0
BRDA:1,229,0,0
BRDA:1,229,1,0
BRDA:1,230,0,0
BRDA:1,230,1,0
BRDA:1,231,0,0
BRDA:1,231,1,2
BRDA:1,232,0,0
BRDA:1,232,1,2
BRDA:1,233,0,2
BRDA:1,233,1,2
BRDA:1,233,2,0
BRDA:1,234,0,2
BRDA:1,234,1,2
BRDA:1,235,0,2
BRDA:1,235,1,2
BRDA:1,235,2,2
BRDA:1,236,0,6
BRDA:1,236,1,6
BRDA:1,237,0,2
BRDA:1,237,1,0
BRDA:1,238,0,2
BRDA:1,238,1,2
BRDA:1,238,2,0
BRDA:1,239,0,0
BRDA:1,239,1,0
BRDA:1,240,0,2
BRDA:1,240,1,0
BRDA:1,240,2,0
BRDA:1,241,0,0
BRDA:1,241,1,0
BRDA:1,242,0,0
BRDA:1,242,1,244
BRDA:1,243,0,0
BRDA:1,243,1,108
BRDA:1,244,0,156
BRDA:1,244,1,24
BRDA:1,244,2,0
BRDA:1,244,3,0
BRDA:1,244,4,24
BRDA:1,245,0,2
BRDA:1,245,1,76
BRDA:1,246,0,78
BRDA:1,246,1,0
BRDA:1,247,0,6
BRDA:1,247,1,10
BRDA:1,248,0,16
BRDA:1,248,1,0
BRDA:1,249,0,16
BRDA:1,249,1,14
BRDA:1,250,0,16
BRDA:1,250,1,0
BRDA:1,251,0,16
BRDA:1,251,1,6
BRDA:1,252,0,4
BRDA:1,252,1,40
BRDA:1,253,0,44
BRDA:1,253,1,34
BRDA:1,254,0,44
BRDA:1,254,1,44
BRDA:1,255,0,74
BRDA:1,255,1,20
BRDA:1,256,0,94
BRDA:1,256,1,84
BRDA:1,257,0,20
BRDA:1,257,1,10
BRDA:1,258,0,10
BRDA:1,258,1,10
BRDA:1,259,0,0
BRDA:1,259,1,10
BRDA:1,260,0,4
BRDA:1,260,1,4
BRDA:1,261,0,8
BRDA:1,261,1,0
BRDA:1,262,0,8
BRDA:1,262,1,8
BRDA:1,263,0,8
BRDA:1,263,1,0
BRDA:1,264,0,8
BRDA:1,264,1,0
BRDA:1,265,0,6
BRDA:1,265,1,42
BRDA:1,266,0,0
BRDA:1,266,1,4
BRDA:1,267,0,0
BRDA:1,267,1,4
BRDA:1,268,0,4
BRDA:1,268,1,0
BRDA:1,269,0,18
BRDA:1,269,1,4
BRDA:1,270,0,18
BRDA:1,270,1,58
BRDA:1,271,0,76
BRDA:1,271,1,32
BRDA:1,272,0,58
BRDA:1,272,1,44
BRDA:1,273,0,14
BRDA:1,273,1,44
BRDA:1,274,0,0
BRDA:1,274,1,44
BRDA:1,275,0,8
BRDA:1,275,1,48
BRDA:1,276,0,34
BRDA:1,276,1,22
BRDA:1,277,0,4
BRDA:1,277,1,44
BRDA:1,278,0,8
BRDA:1,278,1,2
BRDA:1,279,0,8
BRDA:1,279,1,56
BRDA:1,280,0,64
BRDA:1,280,1,32
BRDA:1,281,0,34
BRDA:1,281,1,18
BRDA:1,282,0,20
BRDA:1,282,1,14
BRDA:1,283,0,34
BRDA:1,283,1,18
BRDA:1,283,2,18
BRDA:1,284,0,0
BRDA:1,284,1,20
BRDA:1,285,0,0
BRDA:1,285,1,20
BRDA:1,286,0,0
BRDA:1,286,1,20
BRDA:1,287,0,16
BRDA:1,287,1,4
BRDA:1,288,0,4
BRDA:1,288,1,14
BRDA:1,289,0,18
BRDA:1,289,1,6
BRDA:1,290,0,58
BRDA:1,290,1,154
BRDA:1,291,0,4
BRDA:1,291,1,156
BRDA:1,292,0,160
BRDA:1,292,1,160
BRDA:1,292,2,160
BRDA:1,293,0,160
BRDA:1,293,1,0
BRDA:1,294,0,160
BRDA:1,294,1,0
BRDA:1,295,0,28
BRDA:1,295,1,128
BRDA:1,296,0,4
BRDA:1,296,1,0
BRDA:1,297,0,0
BRDA:1,297,1,94
BRDA:1,298,0,94
BRDA:1,298,1,84
BRDA:1,299,0,0
BRDA:1,299,1,94
BRDA:1,300,0,0
BRDA:1,300,1,0
BRDA:1,301,0,0
BRDA:1,301,1,94
BRDA:1,302,0,8
BRDA:1,302,1,86
BRDA:1,303,0,86
BRDA:1,303,1,0
BRDA:1,303,2,0
BRDA:1,303,3,0
BRDA:1,304,0,20
BRDA:1,304,1,14
BRDA:1,305,0,8
BRDA:1,305,1,12
BRDA:1,306,0,8
BRDA:1,306,1,2
BRDA:1,307,0,0
BRDA:1,307,1,2
BRDA:1,308,0,2
BRDA:1,308,1,2
BRDA:1,309,0,2
BRDA:1,309,1,2
BRDA:1,310,0,36
BRDA:1,310,1,36
BRDA:1,311,0,36
BRDA:1,311,1,6
BRDA:1,312,0,8
BRDA:1,312,1,30
BRDA:1,313,0,38
BRDA:1,313,1,0
BRDA:1,313,2,0
BRDA:1,313,3,38
BRDA:1,314,0,2
BRDA:1,314,1,2
BRDA:1,315,0,4
BRDA:1,315,1,4
BRDA:1,316,0,4
BRDA:1,316,1,4
BRDA:1,317,0,10
BRDA:1,317,1,4
BRDA:1,318,0,14
BRDA:1,318,1,12
BRDA:1,319,0,4
BRDA:1,319,1,2
BRDA:1,320,0,2
BRDA:1,320,1,2
BRDA:1,321,0,0
BRDA:1,321,1,2
BRDA:1,322,0,0
BRDA:1,322,1,30
BRDA:1,323,0,30
BRDA:1,323,1,0
BRDA:1,324,0,4
BRDA:1,324,1,2
BRDA:1,325,0,0
BRDA:1,325,1,4
BRDA:1,326,0,4
BRDA:1,326,1,0
BRDA:1,327,0,4
BRDA:1,327,1,4
BRDA:1,328,0,0
BRDA:1,328,1,4
BRDA:1,329,0,4
BRDA:1,329,1,0
BRDA:1,330,0,0
BRDA:1,330,1,2
BRDA:1,331,0,12
BRDA:1,331,1,0
BRDA:1,332,0,12
BRDA:1,332,1,12
BRDA:1,332,2,12
BRDA:1,333,0,12
BRDA:1,333,1,0
BRDA:1,334,0,0
BRDA:1,334,1,12
BRDA:1,335,0,12
BRDA:1,335,1,12
BRDA:1,335,2,12
BRDA:1,335,3,10
BRDA:1,335,4,4
BRDA:1,335,5,12
BRDA:1,336,0,0
BRDA:1,336,1,12
BRDA:1,337,0,12
BRDA:1,337,1,12
BRDA:1,337,2,2
BRDA:1,338,0,0
BRDA:1,338,1,2
BRDA:1,339,0,6
BRDA:1,339,1,4
BRDA:1,340,0,2
BRDA:1,340,1,2
BRDA:1,341,0,38
BRDA:1,341,1,6
BRDA:1,342,0,0
BRDA:1,342,1,6
BRDA:1,343,0,2
BRDA:1,343,1,2
BRDA:1,344,0,10
BRDA:1,344,1,2
BRDA:1,345,0,10
BRDA:1,345,1,8
BRDA:1,346,0,6
BRDA:1,346,1,6
BRDA:1,347,0,12
BRDA:1,347,1,12
BRDA:1,347,2,12
BRDA:1,348,0,12
BRDA:1,348,1,8
BRDA:1,349,0,0
BRDA:1,349,1,12
BRDA:1,350,0,0
BRDA:1,350,1,8
BRDA:1,351,0,0
BRDA:1,351,1,0
BRDA:1,352,0,4
BRDA:1,352,1,4
BRDA:1,353,0,30
BRDA:1,353,1,18
BRDA:1,354,0,16
BRDA:1,354,1,14
BRDA:1,355,0,30
BRDA:1,355,1,18
BRDA:1,355,2,18
BRDA:1,356,0,0
BRDA:1,356,1,16
BRDA:1,357,0,0
BRDA:1,357,1,16
BRDA:1,358,0,0
BRDA:1,358,1,16
BRDA:1,359,0,12
BRDA:1,359,1,4
BRDA:1,360,0,4
BRDA:1,360,1,14
BRDA:1,361,0,18
BRDA:1,361,1,6
BRDA:1,362,0,2
BRDA:1,362,1,2
BRDA:1,363,0,4
BRDA:1,363,1,0
BRDA:1,364,0,2
BRDA:1,364,1,4
BRDA:1,365,0,6
BRDA:1,365,1,0
BRDA:1,366,0,0
BRDA:1,366,1,6
BRDA:1,367,0,60
BRDA:1,367,1,20
BRDA:1,367,2,2
BRDA:1,368,0,84
BRDA:1,368,1,52
BRDA:1,368,2,0
BRDA:1,369,0,84
BRDA:1,369,1,52
BRDA:1,370,0,0
BRDA:1,370,1,40
BRDA:1,371,0,0
BRDA:1,371,1,0
BRDA:1,372,0,0
BRDA:1,372,1,0
BRDA:1,372,2,0
BRDA:1,373,0,0
BRDA:1,373,1,0
BRDA:1,374,0,40
BRDA:1,374,1,40
BRDA:1,375,0,40
BRDA:1,375,1,2
BRDA:1,376,0,84
BRDA:1,376,1,84
BRDA:1,376,2,84
BRDA:1,377,0,60
BRDA:1,377,1,24
BRDA:1,378,0,24
BRDA:1,378,1,8
BRDA:1,379,0,84
BRDA:1,379,1,84
BRDA:1,379,2,0
BRDA:1,380,0,14
BRDA:1,380,1,0
BRDA:1,381,0,0
BRDA:1,381,1,0
BRDA:1,382,0,10
BRDA:1,382,1,48
BRDA:1,383,0,58
BRDA:1,383,1,18
BRDA:1,384,0,44
BRDA:1,384,1,4
BRDA:1,385,0,8
BRDA:1,385,1,6
BRDA:1,386,0,8
BRDA:1,386,1,8
BRDA:1,387,0,158
BRDA:1,387,1,8
BRDA:1,388,0,158
BRDA:1,388,1,2
BRDA:1,389,0,2020
BRDA:1,389,1,1992
BRDA:1,389,2,1828
BRDA:1,390,0,2020
BRDA:1,390,1,1936
BRDA:1,390,2,1936
BRDA:1,390,3,618
BRDA:1,390,4,48
BRDA:1,390,5,1450
BRDA:1,391,0,2020
BRDA:1,391,1,1286
BRDA:1,391,2,1158
BRDA:1,392,0,2020
BRDA:1,392,1,24
BRDA:1,392,2,0
BRDA:1,392,3,0
BRDA:1,393,0,2020
BRDA:1,393,1,82
BRDA:1,394,0,158
BRDA:1,394,1,0
BRDA:1,395,0,2
BRDA:1,395,1,2
BRDA:1,396,0,0
BRDA:1,396,1,0
BRDA:1,397,0,0
BRDA:1,397,1,0
BRDA:1,398,0,0
BRDA:1,398,1,0
BRDA:1,398,2,0
BRDA:1,398,3,0
BRDA:1,398,4,0
BRDA:1,398,5,0
BRDA:1,398,6,0
BRDA:1,398,7,0
BRDA:1,398,8,0
BRDA:1,399,0,0
BRDA:1,399,1,0
BRDA:1,400,0,0
BRDA:1,400,1,0
BRDA:1,400,2,0
BRDA:1,401,0,0
BRDA:1,401,1,0
BRDA:1,401,2,0
BRDA:1,402,0,0
BRDA:1,402,1,0
BRDA:1,403,0,0
BRDA:1,403,1,0
BRDA:1,403,2,0
BRDA:1,404,0,0
BRDA:1,404,1,0
BRDA:1,405,0,0
BRDA:1,405,1,0
BRDA:1,406,0,0
BRDA:1,406,1,0
BRDA:1,407,0,0
BRDA:1,407,1,0
BRDA:1,407,2,0
BRDA:1,408,0,0
BRDA:1,408,1,0
BRDA:1,408,2,0
BRDA:1,409,0,0
BRDA:1,409,1,0
BRDA:1,410,0,0
BRDA:1,410,1,0
BRDA:1,411,0,0
BRDA:1,411,1,0
BRDA:1,412,0,0
BRDA:1,412,1,0
BRDA:1,413,0,0
BRDA:1,413,1,0
BRDA:1,414,0,0
BRDA:1,414,1,0
BRDA:1,415,0,0
BRDA:1,415,1,0
BRDA:1,416,0,0
BRDA:1,416,1,0
BRDA:1,417,0,0
BRDA:1,417,1,0
BRDA:1,418,0,0
BRDA:1,418,1,0
BRDA:1,419,0,0
BRDA:1,419,1,0
BRDA:1,420,0,0
BRDA:1,420,1,0
BRDA:1,421,0,0
BRDA:1,421,1,0
BRDA:1,422,0,0
BRDA:1,422,1,0
BRDA:1,422,2,0
BRDA:1,423,0,0
BRDA:1,423,1,0
BRDA:1,423,2,0
BRDA:1,424,0,0
BRDA:1,424,1,0
BRDA:1,425,0,0
BRDA:1,425,1,0
BRDA:1,426,0,0
BRDA:1,426,1,0
BRDA:1,427,0,0
BRDA:1,427,1,0
BRDA:1,428,0,0
BRDA:1,428,1,0
BRDA:1,429,0,0
BRDA:1,429,1,0
BRDA:1,430,0,0
BRDA:1,430,1,0
BRDA:1,431,0,0
BRDA:1,431,1,0
BRDA:1,432,0,0
BRDA:1,432,1,0
BRDA:1,433,0,0
BRDA:1,433,1,0
BRDA:1,434,0,0
BRDA:1,434,1,0
BRDA:1,435,0,0
BRDA:1,435,1,0
BRDA:1,436,0,0
BRDA:1,436,1,0
BRDA:1,437,0,0
BRDA:1,437,1,0
BRDA:1,438,0,0
BRDA:1,438,1,0
BRDA:1,439,0,0
BRDA:1,439,1,0
BRDA:1,440,0,0
BRDA:1,440,1,0
BRDA:1,441,0,0
BRDA:1,441,1,0
BRDA:1,441,2,0
BRDA:1,442,0,0
BRDA:1,442,1,0
BRDA:1,443,0,0
BRDA:1,443,1,0
BRDA:1,444,0,0
BRDA:1,444,1,0
BRDA:1,445,0,0
BRDA:1,445,1,0
BRDA:1,446,0,0
BRDA:1,446,1,0
BRDA:1,447,0,0
BRDA:1,447,1,0
BRDA:1,448,0,0
BRDA:1,448,1,0
BRDA:1,449,0,0
BRDA:1,449,1,0
BRDA:1,450,0,0
BRDA:1,450,1,0
BRDA:1,451,0,0
BRDA:1,451,1,0
BRDA:1,452,0,0
BRDA:1,452,1,0
BRDA:1,453,0,0
BRDA:1,453,1,0
BRDA:1,454,0,0
BRDA:1,454,1,0
BRDA:1,455,0,0
BRDA:1,455,1,0
BRDA:1,456,0,0
BRDA:1,456,1,0
BRDA:1,457,0,0
BRDA:1,457,1,0
BRDA:1,458,0,0
BRDA:1,458,1,0
BRDA:1,459,0,0
BRDA:1,459,1,0
BRDA:1,459,2,0
BRDA:1,459,3,0
BRDA:1,460,0,0
BRDA:1,460,1,0
BRDA:1,460,2,0
BRDA:1,460,3,0
BRDA:1,461,0,0
BRDA:1,461,1,0
BRDA:1,462,0,0
BRDA:1,462,1,0
BRDA:1,463,0,8
BRDA:1,463,1,0
BRDA:1,464,0,8
BRDA:1,464,1,8
BRDA:1,464,2,8
BRDA:1,464,3,8
BRDA:1,464,4,0
BRDA:1,464,5,0
BRDA:1,465,0,4
BRDA:1,465,1,4
BRDA:1,466,0,8
BRDA:1,466,1,0
BRDA:1,467,0,8
BRDA:1,467,1,0
BRDA:1,468,0,8
BRDA:1,468,1,0
BRDA:1,469,0,2
BRDA:1,469,1,2
BRDA:1,470,0,2
BRDA:1,470,1,0
BRDA:1,471,0,0
BRDA:1,471,1,2
BRDA:1,472,0,2
BRDA:1,472,1,2
BRDA:1,473,0,0
BRDA:1,473,1,0
BRDA:1,474,0,0
BRDA:1,474,1,0
BRDA:1,475,0,0
BRDA:1,475,1,0
BRDA:1,476,0,0
BRDA:1,476,1,0
BRDA:1,477,0,0
BRDA:1,477,1,0
BRDA:1,478,0,0
BRDA:1,478,1,0
BRDA:1,479,0,0
BRDA:1,479,1,0
BRDA:1,480,0,0
BRDA:1,480,1,0
BRDA:1,480,2,0
BRDA:1,481,0,6
BRDA:1,481,1,2
BRDA:1,482,0,8
BRDA:1,482,1,0
BRDA:1,483,0,6
BRDA:1,483,1,0
BRDA:1,484,0,6
BRDA:1,484,1,2
BRDA:1,485,0,6
BRDA:1,485,1,0
BRDA:1,486,0,8
BRDA:1,486,1,6
BRDA:1,487,0,2
BRDA:1,487,1,4
BRDA:1,488,0,4
BRDA:1,488,1,2
BRDA:1,488,2,2
BRDA:1,489,0,6
BRDA:1,489,1,32
BRDA:1,490,0,2
BRDA:1,490,1,4
BRDA:1,491,0,2
BRDA:1,491,1,2
BRDA:1,492,0,32
BRDA:1,492,1,2
BRDA:1,493,0,6
BRDA:1,493,1,8
BRDA:1,494,0,6
BRDA:1,494,1,2
BRDA:1,495,0,6
BRDA:1,495,1,2
BRDA:1,496,0,6
BRDA:1,496,1,4
BRDA:1,497,0,4
BRDA:1,497,1,0
BRDA:1,498,0,4
BRDA:1,498,1,2
BRDA:1,499,0,4
BRDA:1,499,1,2
BRDA:1,500,0,2
BRDA:1,500,1,2
BRDA:1,501,0,4
BRDA:1,501,1,4
BRDA:1,502,0,2
BRDA:1,502,1,2
BRDA:1,503,0,2
BRDA:1,503,1,4
BRDA:1,504,0,6
BRDA:1,504,1,6
BRDA:2,505,0,6
BRDA:2,505,1,6
BRDA:2,506,0,6
BRDA:2,506,1,0
BRDA:2,507,0,6
BRDA:2,507,1,6
BRDA:2,507,2,0
BRDA:2,508,0,0
BRDA:2,508,1,6
BRDA:2,509,0,0
BRDA:2,509,1,0
BRDA:2,510,0,0
BRDA:2,510,1,0
BRDA:2,511,0,0
BRDA:2,511,1,0
BRDA:2,512,0,0
BRDA:2,512,1,0
BRDA:2,513,0,0
BRDA:2,513,1,0
BRDA:2,514,0,6
BRDA:2,514,1,6
BRDA:2,515,0,6
BRDA:2,515,1,0
BRDA:2,515,2,0
BRDA:2,515,3,6
BRDA:2,515,4,6
BRDA:2,515,5,6
BRDA:2,515,6,0
BRDA:2,515,7,0
BRDA:2,515,8,0
BRDA:2,515,9,0
BRDA:2,515,10,0
BRDA:2,515,11,6
BRDA:2,515,12,0
BRDA:2,515,13,0
BRDA:2,515,14,0
BRDA:2,515,15,0
BRDA:2,515,16,0
BRDA:2,516,0,8
BRDA:2,516,1,8
BRDA:2,517,0,8
BRDA:2,517,1,8
BRDA:2,518,0,0
BRDA:2,518,1,0
BRDA:2,519,0,0
BRDA:2,519,1,0
BRDA:2,520,0,0
BRDA:2,520,1,0
BRDA:2,520,2,0
BRDA:2,521,0,0
BRDA:2,521,1,0
BRDA:2,522,0,0
BRDA:2,522,1,0
BRDA:2,523,0,0
BRDA:2,523,1,6
BRDA:2,524,0,48
BRDA:2,524,1,48
BRDA:2,524,2,48
BRDA:2,524,3,44
BRDA:2,524,4,16
BRDA:2,525,0,6
BRDA:2,525,1,0
BRDA:2,526,0,22
BRDA:2,526,1,0
BRDA:2,527,0,0
BRDA:2,527,1,32
BRDA:2,528,0,32
BRDA:2,528,1,0
BRDA:2,529,0,32
BRDA:2,529,1,32
BRDA:2,530,0,32
BRDA:2,530,1,32
BRDA:2,531,0,24
BRDA:2,531,1,0
BRDA:2,532,0,24
BRDA:2,532,1,0
BRDA:2,533,0,0
BRDA:2,533,1,8
BRDA:2,534,0,2
BRDA:2,534,1,6
BRDA:2,535,0,8
BRDA:2,535,1,2
BRDA:2,536,0,2
BRDA:2,536,1,0
BRDA:2,537,0,6
BRDA:2,537,1,6
BRDA:2,538,0,6
BRDA:2,538,1,0
BRDA:2,539,0,6
BRDA:2,539,1,0
BRDA:2,540,0,2
BRDA:2,540,1,0
BRDA:2,541,0,0
BRDA:2,541,1,0
BRDA:2,542,0,10
BRDA:2,542,1,8
BRDA:2,543,0,10
BRDA:2,543,1,0
BRDA:2,544,0,0
BRDA:2,544,1,20
BRDA:2,545,0,20
BRDA:2,545,1,20
BRDA:2,545,2,20
BRDA:2,546,0,0
BRDA:2,546,1,20
BRDA:2,547,0,20
BRDA:2,547,1,0
BRDA:2,548,0,0
BRDA:2,548,1,10
BRDA:2,549,0,10
BRDA:2,549,1,0
BRDA:2,550,0,10
BRDA:2,550,1,0
BRDA:2,551,0,10
BRDA:2,551,1,0
BRDA:2,552,0,0
BRDA:2,552,1,10
BRDA:2,553,0,4
BRDA:2,553,1,6
BRDA:2,554,0,4
BRDA:2,554,1,4
BRDA:2,555,0,0
BRDA:2,555,1,4
BRDA:2,556,0,4
BRDA:2,556,1,0
BRDA:2,557,0,6
BRDA:2,557,1,4
BRDA:2,558,0,4
BRDA:2,558,1,12
BRDA:2,559,0,12
BRDA:2,559,1,8
BRDA:2,560,0,2
BRDA:2,560,1,6
BRDA:2,561,0,2
BRDA:2,561,1,4
BRDA:2,562,0,2
BRDA:2,562,1,4
BRDA:2,563,0,4
BRDA:2,563,1,0
BRDA:2,564,0,0
BRDA:2,564,1,4
BRDA:2,565,0,4
BRDA:2,565,1,4
BRDA:2,566,0,4
BRDA:2,566,1,2
BRDA:2,567,0,4
BRDA:2,567,1,0
BRDA:2,568,0,4
BRDA:2,568,1,0
BRDA:2,569,0,14
BRDA:2,569,1,0
BRDA:2,570,0,4
BRDA:2,570,1,6
BRDA:2,571,0,6
BRDA:2,571,1,0
BRDA:2,572,0,4
BRDA:2,572,1,10
BRDA:2,573,0,0
BRDA:2,573,1,10
BRDA:2,574,0,14
BRDA:2,574,1,14
BRDA:2,574,2,4
BRDA:2,574,3,0
BRDA:2,575,0,14
BRDA:2,575,1,4
BRDA:2,575,2,10
BRDA:2,576,0,10
BRDA:2,576,1,0
BRDA:2,577,0,2
BRDA:2,577,1,20
BRDA:2,578,0,22
BRDA:2,578,1,0
BRDA:2,579,0,22
BRDA:2,579,1,2
BRDA:2,579,2,0
BRDA:2,579,3,2
BRDA:2,580,0,2
BRDA:2,580,1,20
BRDA:2,581,0,22
BRDA:2,581,1,20
BRDA:2,582,0,20
BRDA:2,582,1,14
BRDA:2,583,0,14
BRDA:2,583,1,0
BRDA:2,584,0,14
BRDA:2,584,1,14
BRDA:2,585,0,0
BRDA:2,585,1,0
BRDA:2,586,0,0
BRDA:2,586,1,20
BRDA:2,587,0,0
BRDA:2,587,1,20
BRDA:2,588,0,20
BRDA:2,588,1,0
BRDA:2,589,0,10
BRDA:2,589,1,10
BRDA:2,590,0,0
BRDA:2,590,1,10
BRDA:2,591,0,10
BRDA:2,591,1,0
BRDA:2,592,0,10
BRDA:2,592,1,0
BRDA:2,593,0,10
BRDA:2,593,1,10
BRDA:2,594,0,0
BRDA:2,594,1,0
BRDA:2,595,0,0
BRDA:2,595,1,0
BRDA:2,596,0,0
BRDA:2,596,1,0
BRDA:2,597,0,0
BRDA:2,597,1,0
BRDA:2,598,0,0
BRDA:2,598,1,0
BRDA:2,599,0,0
BRDA:2,599,1,0
BRDA:2,600,0,22
BRDA:2,600,1,22
BRDA:2,601,0,0
BRDA:2,601,1,22
BRDA:2,602,0,0
BRDA:2,602,1,0
BRDA:2,603,0,0
BRDA:2,603,1,0
BRDA:2,604,0,0
BRDA:2,604,1,0
BRDA:2,605,0,0
BRDA:2,605,1,0
BRDA:2,606,0,0
BRDA:2,606,1,0
BRDA:2,607,0,0
BRDA:2,607,1,0
BRDA:2,608,0,0
BRDA:2,608,1,0
BRDA:2,609,0,0
BRDA:2,609,1,0
BRDA:2,609,2,0
BRDA:2,610,0,0
BRDA:2,610,1,0
BRDA:2,611,0,0
BRDA:2,611,1,0
BRDA:2,612,0,0
BRDA:2,612,1,0
BRDA:2,613,0,0
BRDA:2,613,1,0
BRDA:2,614,0,0
BRDA:2,614,1,0
BRDA:2,615,0,0
BRDA:2,615,1,0
BRDA:2,616,0,0
BRDA:2,616,1,0
BRDA:2,617,0,0
BRDA:2,617,1,0
BRDA:2,618,0,0
BRDA:2,618,1,0
BRDA:2,619,0,0
BRDA:2,619,1,0
BRDA:2,620,0,0
BRDA:2,620,1,0
BRDA:2,621,0,0
BRDA:2,621,1,0
BRDA:2,621,2,0
BRDA:2,622,0,0
BRDA:2,622,1,0
BRDA:2,623,0,0
BRDA:2,623,1,0
BRDA:2,624,0,0
BRDA:2,624,1,0
BRDA:2,625,0,0
BRDA:2,625,1,0
BRDA:2,626,0,0
BRDA:2,626,1,0
BRDA:2,627,0,0
BRDA:2,627,1,0
BRDA:2,628,0,0
BRDA:2,628,1,0
BRDA:2,629,0,0
BRDA:2,629,1,0
BRDA:2,630,0,0
BRDA:2,630,1,0
BRDA:2,631,0,0
BRDA:2,631,1,0
BRDA:2,632,0,0
BRDA:2,632,1,0
BRDA:2,633,0,0
BRDA:2,633,1,0
BRDA:2,634,0,0
BRDA:2,634,1,0
BRDA:2,635,0,0
BRDA:2,635,1,0
BRDA:2,636,0,0
BRDA:2,636,1,0
BRDA:2,637,0,0
BRDA:2,637,1,0
BRDA:2,638,0,0
BRDA:2,638,1,0
BRDA:2,638,2,0
BRDA:2,639,0,188
BRDA:2,639,1,0
BRDA:2,640,0,228
BRDA:2,640,1,228
BRDA:2,641,0,0
BRDA:2,641,1,8
BRDA:2,642,0,184
BRDA:2,642,1,32
BRDA:2,643,0,8
BRDA:2,643,1,12
BRDA:2,644,0,20
BRDA:2,644,1,18
BRDA:2,645,0,6
BRDA:2,645,1,8
BRDA:2,646,0,14
BRDA:2,646,1,12
BRDA:2,647,0,6
BRDA:2,647,1,10
BRDA:2,648,0,16
BRDA:2,648,1,12
BRDA:2,649,0,6
BRDA:2,649,1,8
BRDA:2,650,0,14
BRDA:2,650,1,8
BRDA:2,651,0,42
BRDA:2,651,1,12
BRDA:2,652,0,0
BRDA:2,652,1,0
BRDA:2,653,0,0
BRDA:2,653,1,0
BRDA:2,654,0,0
BRDA:2,654,1,0
BRDA:2,655,0,0
BRDA:2,655,1,0
BRDA:2,656,0,0
BRDA:2,656,1,0
BRDA:2,657,0,0
BRDA:2,657,1,0
BRDA:2,658,0,0
BRDA:2,658,1,4
BRDA:2,659,0,4
BRDA:2,659,1,6
BRDA:2,660,0,6
BRDA:2,660,1,8
BRDA:2,661,0,14
BRDA:2,661,1,8
BRF:1421
BRH:776
end_of_record
